
-------- begin --------
avr-gcc (GCC) 3.4.4
Copyright (C) 2004 Free Software Foundation, Inc.
This is free software; see the source for copying conditions.  There is NO
warranty; not even for MERCHANTABILITY or FITNESS FOR A PARTICULAR PURPOSE.


Compiling: simple.c
avr-gcc -c -mmcu=atmega64 -I. -gstabs   -O0 -funsigned-char -funsigned-bitfields -fpack-struct -fshort-enums -Wall -Wstrict-prototypes -Wa,-adhlns=simple.lst  -std=gnu99 -Wp,-M,-MP,-MT,simple.o,-MF,.dep/simple.o.d simple.c -o simple.o 

Linking: simple.elf
avr-gcc -mmcu=atmega64 -I. -gstabs   -O0 -funsigned-char -funsigned-bitfields -fpack-struct -fshort-enums -Wall -Wstrict-prototypes -Wa,-adhlns=simple.o  -std=gnu99 -Wp,-M,-MP,-MT,simple.o,-MF,.dep/simple.elf.d simple.o    --output simple.elf -Wl,-Map=simple.map,--cref    -lm

Creating load file for Flash: simple.hex
avr-objcopy -O ihex -R .eeprom simple.elf simple.hex

Creating load file for EEPROM: simple.eep
avr-objcopy -j .eeprom --set-section-flags=.eeprom="alloc,load" \
--change-section-lma .eeprom=0 -O ihex simple.elf simple.eep

Creating Extended Listing: simple.lss
avr-objdump -h -S simple.elf > simple.lss

Creating Symbol Table: simple.sym
avr-nm -n simple.elf > simple.sym

Size after:
simple.elf  :
section    size      addr
.data         2   8388864
.text       250         0
.bss          1   8388866
.noinit       0   8388867
.eeprom       0   8454144
.stab      1752         0
.stabstr   1917         0
Total      3922



Errors: none
-------- end --------

